<?xml version="1.0" encoding="UTF-8"?>
<!-- Generated by org.testng.reporters.JUnitXMLReporter -->
<testsuite ignored="0" hostname="Mo-MacBook-Pro.local" failures="1" tests="2" name="Error Validation Test" time="23.284" errors="0" timestamp="2025-09-04T19:02:34 GMT+07:00">
  <testcase classname="dream.tests.ErrorValidations" name="LoginErrorValidation" time="0.953">
    <failure type="java.lang.AssertionError" message="expected:&amp;lt;Incorrect email or sai password.&amp;gt; but was:&amp;lt;Incorrect email or password.&amp;gt;">
      <![CDATA[java.lang.AssertionError: expected:<Incorrect email or sai password.> but was:<Incorrect email or password.>
at dream.tests.ErrorValidations.LoginErrorValidation(ErrorValidations.java:20)
at java.base/java.util.ArrayList.forEach(ArrayList.java:1604)
at java.base/java.util.concurrent.FutureTask.run(FutureTask.java:328)
at java.base/java.util.concurrent.ThreadPoolExecutor.runWorker(ThreadPoolExecutor.java:1095)
at java.base/java.util.concurrent.ThreadPoolExecutor$Worker.run(ThreadPoolExecutor.java:619)
at java.base/java.lang.Thread.run(Thread.java:1447)
... Removed 17 stack frames]]>
    </failure>
  </testcase> <!-- LoginErrorValidation -->
  <testcase classname="dream.tests.ErrorValidations" name="ProductErrorValidation" time="2.982"/>
</testsuite> <!-- Error Validation Test -->
