<?xml version="1.0" encoding="UTF-8"?>
<testng-results ignored="0" total="2" passed="2" failed="0" skipped="0">
  <reporter-output>
  </reporter-output>
  <suite started-at="2025-09-08T21:42:13 GMT+07:00" name="Default suite" finished-at="2025-09-08T21:42:41 GMT+07:00" duration-ms="28004">
    <groups>
      <group name="cucumber">
        <method signature="AbstractTestNGCucumberTests.runScenario(io.cucumber.testng.PickleWrapper,io.cucumber.testng.FeatureWrapper)[pri:0, instance:cucumber.testNGTestRunner@78691363]" name="runScenario" class="io.cucumber.testng.AbstractTestNGCucumberTests"/>
      </group> <!-- cucumber -->
    </groups>
    <test started-at="2025-09-08T21:42:13 GMT+07:00" name="Default test" finished-at="2025-09-08T21:42:41 GMT+07:00" duration-ms="28004">
      <class name="cucumber.testNGTestRunner">
        <test-method is-config="true" signature="setUpClass(org.testng.ITestContext)[pri:0, instance:cucumber.testNGTestRunner@78691363]" started-at="2025-09-08T21:42:13 GMT+07:00" name="setUpClass" finished-at="2025-09-08T21:42:14 GMT+07:00" duration-ms="994" status="PASS">
          <params>
            <param index="0">
              <value>
                <![CDATA[org.testng.TestRunner@6981f8f3]]>
              </value>
            </param>
          </params>
          <reporter-output>
          </reporter-output>
        </test-method> <!-- setUpClass -->
        <test-method signature="runScenario(io.cucumber.testng.PickleWrapper,io.cucumber.testng.FeatureWrapper)[pri:0, instance:cucumber.testNGTestRunner@78691363]" started-at="2025-09-08T21:42:14 GMT+07:00" name="runScenario" description="Runs Cucumber Scenarios" data-provider="scenarios" finished-at="2025-09-08T21:42:24 GMT+07:00" duration-ms="10325" status="PASS">
          <params>
            <param index="0">
              <value>
                <![CDATA["Show error message with invalid credentials"]]>
              </value>
            </param>
            <param index="1">
              <value>
                <![CDATA["Error Validaiton"]]>
              </value>
            </param>
          </params>
          <reporter-output>
          </reporter-output>
        </test-method> <!-- runScenario -->
        <test-method signature="runScenario(io.cucumber.testng.PickleWrapper,io.cucumber.testng.FeatureWrapper)[pri:0, instance:cucumber.testNGTestRunner@78691363]" started-at="2025-09-08T21:42:24 GMT+07:00" name="runScenario" description="Runs Cucumber Scenarios" data-provider="scenarios" finished-at="2025-09-08T21:42:41 GMT+07:00" duration-ms="16528" status="PASS">
          <params>
            <param index="0">
              <value>
                <![CDATA["Positive data of Submitting order"]]>
              </value>
            </param>
            <param index="1">
              <value>
                <![CDATA["Purchase order from Ecommerce website"]]>
              </value>
            </param>
          </params>
          <reporter-output>
          </reporter-output>
        </test-method> <!-- runScenario -->
        <test-method is-config="true" signature="tearDownClass()[pri:0, instance:cucumber.testNGTestRunner@78691363]" started-at="2025-09-08T21:42:41 GMT+07:00" name="tearDownClass" finished-at="2025-09-08T21:42:41 GMT+07:00" duration-ms="72" status="PASS">
          <reporter-output>
          </reporter-output>
        </test-method> <!-- tearDownClass -->
      </class> <!-- cucumber.testNGTestRunner -->
    </test> <!-- Default test -->
  </suite> <!-- Default suite -->
</testng-results>
